<?xml version="1.0" encoding="UTF-8"?>
<coverage generated="1582745918862" clover="3.2.0">
  <project timestamp="1582745918863" name="All files">
    <metrics statements="18" coveredstatements="18" conditionals="12" coveredconditionals="10" methods="7" coveredmethods="7" elements="37" coveredelements="35" complexity="0" loc="18" ncloc="18" packages="1" files="1" classes="1"/>
    <file name="index.ts" path="/Users/patrykandrzejewski/work/vsf-next/packages/core/utils/src/ssr/index.ts">
      <metrics statements="18" coveredstatements="18" conditionals="12" coveredconditionals="10" methods="7" coveredmethods="7"/>
      <line num="1" count="1" type="stmt"/>
      <line num="5" count="1" type="stmt"/>
      <line num="6" count="7" type="cond" truecount="2" falsecount="0"/>
      <line num="7" count="4" type="cond" truecount="1" falsecount="1"/>
      <line num="11" count="3" type="cond" truecount="1" falsecount="1"/>
      <line num="14" count="1" type="stmt"/>
      <line num="15" count="7" type="stmt"/>
      <line num="16" count="7" type="stmt"/>
      <line num="18" count="7" type="cond" truecount="4" falsecount="0"/>
      <line num="19" count="1" type="stmt"/>
      <line num="22" count="7" type="stmt"/>
      <line num="23" count="2" type="stmt"/>
      <line num="24" count="1" type="stmt"/>
      <line num="26" count="1" type="stmt"/>
      <line num="29" count="2" type="cond" truecount="2" falsecount="0"/>
      <line num="30" count="1" type="stmt"/>
      <line num="34" count="7" type="stmt"/>
      <line num="40" count="1" type="stmt"/>
    </file>
  </project>
</coverage>
