{"/Users/patrykandrzejewski/work/vsf-next/packages/core/utils/src/ssr/index.ts": {"path":"/Users/patrykandrzejewski/work/vsf-next/packages/core/utils/src/ssr/index.ts","statementMap":{"0":{"start":{"line":1,"column":0},"end":{"line":1,"column":76}},"1":{"start":{"line":5,"column":21},"end":{"line":12,"column":1}},"2":{"start":{"line":6,"column":2},"end":{"line":8,"column":null}},"3":{"start":{"line":7,"column":4},"end":{"line":7,"column":46}},"4":{"start":{"line":11,"column":2},"end":{"line":11,"column":36}},"5":{"start":{"line":14,"column":26},"end":{"line":38,"column":1}},"6":{"start":{"line":15,"column":13},"end":{"line":15,"column":40}},"7":{"start":{"line":16,"column":19},"end":{"line":16,"column":31}},"8":{"start":{"line":18,"column":2},"end":{"line":20,"column":null}},"9":{"start":{"line":19,"column":4},"end":{"line":19,"column":38}},"10":{"start":{"line":22,"column":28},"end":{"line":32,"column":5}},"11":{"start":{"line":22,"column":74},"end":{"line":32,"column":5}},"12":{"start":{"line":22,"column":79},"end":{"line":32,"column":5}},"13":{"start":{"line":23,"column":4},"end":{"line":27,"column":9}},"14":{"start":{"line":23,"column":27},"end":{"line":27,"column":8}},"15":{"start":{"line":24,"column":6},"end":{"line":24,"column":48}},"16":{"start":{"line":26,"column":6},"end":{"line":26,"column":22}},"17":{"start":{"line":29,"column":4},"end":{"line":31,"column":null}},"18":{"start":{"line":30,"column":6},"end":{"line":30,"column":31}},"19":{"start":{"line":34,"column":2},"end":{"line":37,"column":4}},"20":{"start":{"line":40,"column":0},"end":{"line":40,"column":33}}},"fnMap":{"0":{"name":"(anonymous_0)","decl":{"start":{"line":5,"column":21},"end":{"line":5,"column":22}},"loc":{"start":{"line":5,"column":24},"end":{"line":12,"column":1}}},"1":{"name":"(anonymous_1)","decl":{"start":{"line":14,"column":26},"end":{"line":14,"column":27}},"loc":{"start":{"line":14,"column":37},"end":{"line":38,"column":1}}},"2":{"name":"(anonymous_2)","decl":{"start":{"line":22,"column":28},"end":{"line":22,"column":38}},"loc":{"start":{"line":22,"column":74},"end":{"line":32,"column":5}}},"3":{"name":"(anonymous_3)","decl":{"start":{"line":22,"column":74},"end":{"line":22,"column":79}},"loc":{"start":{"line":22,"column":74},"end":{"line":32,"column":5}}},"4":{"name":"(anonymous_5)","decl":{"start":{"line":22,"column":91},"end":{"line":22,"column":92}},"loc":{"start":{"line":22,"column":99},"end":{"line":32,"column":3}}},"5":{"name":"(anonymous_6)","decl":{"start":{"line":23,"column":21},"end":{"line":23,"column":27}},"loc":{"start":{"line":23,"column":21},"end":{"line":23,"column":29}}},"6":{"name":"(anonymous_7)","decl":{"start":{"line":23,"column":44},"end":{"line":23,"column":45}},"loc":{"start":{"line":23,"column":51},"end":{"line":27,"column":5}}}},"branchMap":{"0":{"loc":{"start":{"line":6,"column":2},"end":{"line":8,"column":null}},"type":"if","locations":[{"start":{"line":6,"column":2},"end":{"line":8,"column":null}},{"start":{"line":6,"column":2},"end":{"line":8,"column":null}}]},"1":{"loc":{"start":{"line":7,"column":11},"end":{"line":7,"column":39}},"type":"binary-expr","locations":[{"start":{"line":7,"column":11},"end":{"line":7,"column":39}},{"start":{"line":7,"column":43},"end":{"line":7,"column":45}}]},"2":{"loc":{"start":{"line":11,"column":9},"end":{"line":11,"column":29}},"type":"binary-expr","locations":[{"start":{"line":11,"column":9},"end":{"line":11,"column":29}},{"start":{"line":11,"column":33},"end":{"line":11,"column":35}}]},"3":{"loc":{"start":{"line":18,"column":2},"end":{"line":20,"column":null}},"type":"if","locations":[{"start":{"line":18,"column":2},"end":{"line":20,"column":null}},{"start":{"line":18,"column":2},"end":{"line":20,"column":null}}]},"4":{"loc":{"start":{"line":18,"column":6},"end":{"line":18,"column":14}},"type":"binary-expr","locations":[{"start":{"line":18,"column":6},"end":{"line":18,"column":14}},{"start":{"line":18,"column":18},"end":{"line":18,"column":47}}]},"5":{"loc":{"start":{"line":29,"column":4},"end":{"line":31,"column":null}},"type":"if","locations":[{"start":{"line":29,"column":4},"end":{"line":31,"column":null}},{"start":{"line":29,"column":4},"end":{"line":31,"column":null}}]}},"s":{"0":1,"1":1,"2":7,"3":4,"4":3,"5":1,"6":7,"7":7,"8":7,"9":1,"10":7,"11":2,"12":2,"13":2,"14":1,"15":1,"16":1,"17":2,"18":1,"19":7,"20":1},"f":{"0":7,"1":7,"2":2,"3":2,"4":2,"5":1,"6":1},"b":{"0":[4,3],"1":[4,0],"2":[3,0],"3":[1,6],"4":[7,4],"5":[1,1]}}
}
