TN:
SF:/Users/patrykandrzejewski/work/vsf-next/packages/core/utils/src/ssr/index.ts
FN:5,(anonymous_0)
FN:14,(anonymous_1)
FN:22,(anonymous_2)
FN:22,(anonymous_3)
FN:22,(anonymous_5)
FN:23,(anonymous_6)
FN:23,(anonymous_7)
FNF:7
FNH:7
FNDA:7,(anonymous_0)
FNDA:7,(anonymous_1)
FNDA:2,(anonymous_2)
FNDA:2,(anonymous_3)
FNDA:2,(anonymous_5)
FNDA:1,(anonymous_6)
FNDA:1,(anonymous_7)
DA:1,1
DA:5,1
DA:6,7
DA:7,4
DA:11,3
DA:14,1
DA:15,7
DA:16,7
DA:18,7
DA:19,1
DA:22,7
DA:23,2
DA:24,1
DA:26,1
DA:29,2
DA:30,1
DA:34,7
DA:40,1
LF:18
LH:18
BRDA:6,0,0,4
BRDA:6,0,1,3
BRDA:7,1,0,4
BRDA:7,1,1,0
BRDA:11,2,0,3
BRDA:11,2,1,0
BRDA:18,3,0,1
BRDA:18,3,1,6
BRDA:18,4,0,7
BRDA:18,4,1,4
BRDA:29,5,0,1
BRDA:29,5,1,1
BRF:12
BRH:10
end_of_record
